<?xml version="1.0" encoding="UTF-8"?>
<!-- Generated by org.testng.reporters.JUnitReportReporter -->
<testsuite hostname="ZMO-MC-AnkitH-01s-Mac-mini.local" failures="0" tests="2" name="qaankit.Mavenjava.SeleniumTest" time="0.001" errors="0" timestamp="06 Dec 2021 11:16:56 GMT" skipped="0">
  <testcase classname="qaankit.Mavenjava.SeleniumTest" name="elementUI" time="0.000"/>
  <testcase classname="qaankit.Mavenjava.SeleniumTest" name="BrowserAutomation" time="0.001"/>
</testsuite> <!-- qaankit.Mavenjava.SeleniumTest -->
